{
  "RSpec": {
    "coverage": {
      "/Users/demental/Sites/enerfip/yousign-api-client-ruby/lib/yousign_api.rb": [
        1,
        1,
        1,
        1,
        1,
        null,
        1,
        1,
        null,
        1,
        null,
        null,
        null,
        null,
        null
      ],
      "/Users/demental/Sites/enerfip/yousign-api-client-ruby/lib/yousign_api/version.rb": [
        1,
        1,
        null
      ],
      "/Users/demental/Sites/enerfip/yousign-api-client-ruby/lib/yousign_api/setup.rb": [
        1,
        1,
        1,
        1,
        1,
        8,
        null,
        null,
        1,
        2,
        null,
        null,
        1,
        8,
        8,
        null,
        null,
        1,
        1,
        5,
        5,
        1,
        null,
        null,
        null,
        1,
        null,
        null,
        null,
        null,
        null,
        null,
        null,
        1,
        1,
        null,
        null,
        null
      ],
      "/Users/demental/Sites/enerfip/yousign-api-client-ruby/lib/yousign_api/payload.rb": [
        1,
        1,
        1,
        1,
        37,
        null,
        null,
        1,
        4,
        4,
        4,
        null,
        null,
        null,
        1,
        2,
        2,
        2,
        null,
        null,
        1,
        4,
        1,
        6,
        5,
        null,
        null,
        3,
        null,
        null,
        null,
        1,
        2,
        9,
        7,
        null,
        null,
        null,
        1,
        6,
        16,
        null,
        null,
        null,
        1,
        5,
        9,
        9,
        null,
        null,
        null,
        1,
        26,
        45,
        44,
        null,
        null,
        null,
        1,
        null,
        1,
        21,
        15,
        15,
        null,
        null,
        1,
        9,
        23,
        null,
        null,
        1,
        13,
        6,
        null,
        11,
        null,
        null,
        null,
        null,
        null
      ],
      "/Users/demental/Sites/enerfip/yousign-api-client-ruby/lib/yousign_api/client.rb": [
        1,
        1,
        1,
        null,
        1,
        1,
        1,
        19,
        null,
        null,
        1,
        null,
        null,
        null,
        4,
        null,
        null,
        1,
        0,
        null,
        null,
        1,
        0,
        null,
        null,
        1,
        0,
        null,
        null,
        1,
        null,
        null,
        null,
        0,
        null,
        null,
        1,
        null,
        null,
        2,
        null,
        null,
        1,
        0,
        null,
        null,
        1,
        0,
        null,
        null,
        1,
        0,
        null,
        null,
        1,
        1,
        null,
        null,
        1,
        2,
        null,
        null,
        1,
        7,
        null,
        null,
        1,
        0,
        null,
        null,
        1,
        0,
        null,
        null,
        1,
        0,
        null,
        null,
        null,
        null,
        1,
        0,
        null,
        null,
        null,
        1,
        0,
        null,
        null,
        1,
        0,
        null,
        null,
        null,
        null,
        1,
        0,
        null,
        null,
        null,
        null,
        null,
        1,
        0,
        null,
        null,
        1,
        0,
        null,
        null,
        1,
        0,
        null,
        null,
        null
      ],
      "/Users/demental/Sites/enerfip/yousign-api-client-ruby/spec/support/config_helper.rb": [
        1,
        1,
        1,
        2,
        null,
        null,
        1,
        1,
        1,
        1,
        1,
        null,
        null,
        null,
        null,
        null,
        1,
        1,
        null
      ],
      "/Users/demental/Sites/enerfip/yousign-api-client-ruby/spec/yousign_api/payload_spec.rb": [
        1,
        1,
        null,
        1,
        1,
        1,
        1,
        1,
        1,
        1,
        null,
        null,
        1,
        1,
        null,
        null,
        1,
        3,
        null,
        null,
        1,
        null,
        null,
        null,
        null,
        null,
        6,
        null,
        null,
        1,
        18,
        null,
        null,
        1,
        1,
        1,
        null,
        null,
        1,
        1,
        1,
        null,
        null,
        null,
        1,
        1,
        1,
        null,
        null,
        null,
        1,
        1,
        1,
        null,
        null,
        null,
        1,
        1,
        1,
        null,
        null,
        null,
        1,
        1,
        null,
        null,
        null,
        1,
        1,
        1,
        null,
        null,
        null,
        null,
        1,
        null,
        null,
        null,
        null,
        null
      ],
      "/Users/demental/Sites/enerfip/yousign-api-client-ruby/spec/yousign_api_spec.rb": [
        1,
        null,
        1,
        1,
        1,
        null,
        null,
        1,
        1,
        1,
        1,
        1,
        null,
        null,
        1,
        1,
        1,
        1,
        null,
        null
      ]
    },
    "timestamp": 1523712309
  }
}
